{"/home/runner/work/free-games-claimer/free-games-claimer/frontend/src/App.jsx": {"path":"/home/runner/work/free-games-claimer/free-games-claimer/frontend/src/App.jsx","statementMap":{"0":{"start":{"line":15,"column":2},"end":{"line":25,"column":null}}},"fnMap":{"0":{"name":"App","decl":{"start":{"line":14,"column":9},"end":{"line":14,"column":15}},"loc":{"start":{"line":14,"column":15},"end":{"line":27,"column":null}},"line":14}},"branchMap":{},"s":{"0":1},"f":{"0":1},"b":{},"meta":{"lastBranch":0,"lastFunction":1,"lastStatement":1,"seen":{"f:14:9:14:15":0,"s:15:2:25:Infinity":0}}}
,"/home/runner/work/free-games-claimer/free-games-claimer/frontend/src/components/Common/LoadingSpinner.jsx": {"path":"/home/runner/work/free-games-claimer/free-games-claimer/frontend/src/components/Common/LoadingSpinner.jsx","statementMap":{"0":{"start":{"line":8,"column":16},"end":{"line":12,"column":null}},"1":{"start":{"line":14,"column":2},"end":{"line":32,"column":null}}},"fnMap":{"0":{"name":"LoadingSpinner","decl":{"start":{"line":7,"column":9},"end":{"line":7,"column":24}},"loc":{"start":{"line":7,"column":57},"end":{"line":34,"column":null}},"line":7}},"branchMap":{"0":{"loc":{"start":{"line":7,"column":26},"end":{"line":7,"column":39}},"type":"default-arg","locations":[{"start":{"line":7,"column":33},"end":{"line":7,"column":39}}],"line":7},"1":{"loc":{"start":{"line":7,"column":39},"end":{"line":7,"column":54}},"type":"default-arg","locations":[{"start":{"line":7,"column":49},"end":{"line":7,"column":54}}],"line":7},"2":{"loc":{"start":{"line":31,"column":7},"end":{"line":31,"column":null}},"type":"binary-expr","locations":[{"start":{"line":31,"column":7},"end":{"line":31,"column":18}},{"start":{"line":31,"column":18},"end":{"line":31,"column":null}}],"line":31}},"s":{"0":0,"1":0},"f":{"0":0},"b":{"0":[0],"1":[0],"2":[0,0]},"meta":{"lastBranch":3,"lastFunction":1,"lastStatement":2,"seen":{"f:7:9:7:24":0,"b:7:33:7:39":0,"b:7:49:7:54":1,"s:8:16:12:Infinity":0,"s:14:2:32:Infinity":1,"b:31:7:31:18:31:18:31:Infinity":2}}}
,"/home/runner/work/free-games-claimer/free-games-claimer/frontend/src/components/Layout/Footer.jsx": {"path":"/home/runner/work/free-games-claimer/free-games-claimer/frontend/src/components/Layout/Footer.jsx","statementMap":{"0":{"start":{"line":8,"column":8},"end":{"line":8,"column":null}},"1":{"start":{"line":10,"column":2},"end":{"line":50,"column":null}}},"fnMap":{"0":{"name":"Footer","decl":{"start":{"line":7,"column":9},"end":{"line":7,"column":18}},"loc":{"start":{"line":7,"column":18},"end":{"line":52,"column":null}},"line":7}},"branchMap":{},"s":{"0":0,"1":0},"f":{"0":0},"b":{},"meta":{"lastBranch":0,"lastFunction":1,"lastStatement":2,"seen":{"f:7:9:7:18":0,"s:8:8:8:Infinity":0,"s:10:2:50:Infinity":1}}}
,"/home/runner/work/free-games-claimer/free-games-claimer/frontend/src/components/Layout/Header.jsx": {"path":"/home/runner/work/free-games-claimer/free-games-claimer/frontend/src/components/Layout/Header.jsx","statementMap":{"0":{"start":{"line":11,"column":34},"end":{"line":11,"column":null}},"1":{"start":{"line":13,"column":2},"end":{"line":64,"column":null}},"2":{"start":{"line":40,"column":27},"end":{"line":40,"column":null}}},"fnMap":{"0":{"name":"Header","decl":{"start":{"line":10,"column":9},"end":{"line":10,"column":18}},"loc":{"start":{"line":10,"column":18},"end":{"line":66,"column":null}},"line":10},"1":{"name":"(anonymous_1)","decl":{"start":{"line":40,"column":21},"end":{"line":40,"column":27}},"loc":{"start":{"line":40,"column":27},"end":{"line":40,"column":null}},"line":40}},"branchMap":{"0":{"loc":{"start":{"line":50,"column":9},"end":{"line":61,"column":null}},"type":"binary-expr","locations":[{"start":{"line":50,"column":9},"end":{"line":50,"column":null}},{"start":{"line":51,"column":10},"end":{"line":61,"column":null}}],"line":50}},"s":{"0":0,"1":0,"2":0},"f":{"0":0,"1":0},"b":{"0":[0,0]},"meta":{"lastBranch":1,"lastFunction":2,"lastStatement":3,"seen":{"f:10:9:10:18":0,"s:11:34:11:Infinity":0,"s:13:2:64:Infinity":1,"f:40:21:40:27":1,"s:40:27:40:Infinity":2,"b:50:9:50:Infinity:51:10:61:Infinity":0}}}
,"/home/runner/work/free-games-claimer/free-games-claimer/frontend/src/components/Layout/Layout.jsx": {"path":"/home/runner/work/free-games-claimer/free-games-claimer/frontend/src/components/Layout/Layout.jsx","statementMap":{"0":{"start":{"line":11,"column":2},"end":{"line":18,"column":null}}},"fnMap":{"0":{"name":"Layout","decl":{"start":{"line":10,"column":9},"end":{"line":10,"column":16}},"loc":{"start":{"line":10,"column":30},"end":{"line":20,"column":null}},"line":10}},"branchMap":{},"s":{"0":0},"f":{"0":0},"b":{},"meta":{"lastBranch":0,"lastFunction":1,"lastStatement":1,"seen":{"f:10:9:10:16":0,"s:11:2:18:Infinity":0}}}
,"/home/runner/work/free-games-claimer/free-games-claimer/frontend/src/pages/AdminPage.jsx": {"path":"/home/runner/work/free-games-claimer/free-games-claimer/frontend/src/pages/AdminPage.jsx","statementMap":{"0":{"start":{"line":12,"column":24},"end":{"line":12,"column":null}},"1":{"start":{"line":13,"column":24},"end":{"line":13,"column":null}},"2":{"start":{"line":14,"column":28},"end":{"line":14,"column":null}},"3":{"start":{"line":15,"column":24},"end":{"line":15,"column":null}},"4":{"start":{"line":17,"column":2},"end":{"line":19,"column":null}},"5":{"start":{"line":18,"column":4},"end":{"line":18,"column":null}},"6":{"start":{"line":21,"column":20},"end":{"line":36,"column":null}},"7":{"start":{"line":22,"column":4},"end":{"line":35,"column":null}},"8":{"start":{"line":23,"column":6},"end":{"line":23,"column":null}},"9":{"start":{"line":24,"column":37},"end":{"line":27,"column":null}},"10":{"start":{"line":28,"column":6},"end":{"line":28,"column":null}},"11":{"start":{"line":29,"column":6},"end":{"line":29,"column":null}},"12":{"start":{"line":30,"column":6},"end":{"line":30,"column":null}},"13":{"start":{"line":32,"column":6},"end":{"line":32,"column":null}},"14":{"start":{"line":34,"column":6},"end":{"line":34,"column":null}},"15":{"start":{"line":38,"column":2},"end":{"line":38,"column":null}},"16":{"start":{"line":38,"column":15},"end":{"line":38,"column":null}},"17":{"start":{"line":40,"column":2},"end":{"line":120,"column":null}},"18":{"start":{"line":85,"column":18},"end":{"line":107,"column":null}}},"fnMap":{"0":{"name":"AdminPage","decl":{"start":{"line":11,"column":9},"end":{"line":11,"column":21}},"loc":{"start":{"line":11,"column":21},"end":{"line":122,"column":null}},"line":11},"1":{"name":"(anonymous_1)","decl":{"start":{"line":17,"column":12},"end":{"line":17,"column":18}},"loc":{"start":{"line":17,"column":18},"end":{"line":19,"column":5}},"line":17},"2":{"name":"(anonymous_2)","decl":{"start":{"line":21,"column":20},"end":{"line":21,"column":32}},"loc":{"start":{"line":21,"column":32},"end":{"line":36,"column":null}},"line":21},"3":{"name":"(anonymous_3)","decl":{"start":{"line":84,"column":26},"end":{"line":84,"column":27}},"loc":{"start":{"line":85,"column":18},"end":{"line":107,"column":null}},"line":85}},"branchMap":{"0":{"loc":{"start":{"line":32,"column":15},"end":{"line":32,"column":57}},"type":"binary-expr","locations":[{"start":{"line":32,"column":15},"end":{"line":32,"column":30}},{"start":{"line":32,"column":30},"end":{"line":32,"column":57}}],"line":32},"1":{"loc":{"start":{"line":38,"column":2},"end":{"line":38,"column":null}},"type":"if","locations":[{"start":{"line":38,"column":2},"end":{"line":38,"column":null}},{"start":{},"end":{}}],"line":38},"2":{"loc":{"start":{"line":42,"column":7},"end":{"line":45,"column":null}},"type":"binary-expr","locations":[{"start":{"line":42,"column":7},"end":{"line":42,"column":null}},{"start":{"line":43,"column":8},"end":{"line":45,"column":null}}],"line":42},"3":{"loc":{"start":{"line":49,"column":7},"end":{"line":63,"column":null}},"type":"binary-expr","locations":[{"start":{"line":49,"column":7},"end":{"line":49,"column":null}},{"start":{"line":50,"column":8},"end":{"line":63,"column":null}}],"line":49},"4":{"loc":{"start":{"line":83,"column":15},"end":{"line":114,"column":null}},"type":"cond-expr","locations":[{"start":{"line":84,"column":16},"end":{"line":108,"column":null}},{"start":{"line":110,"column":16},"end":{"line":114,"column":null}}],"line":83},"5":{"loc":{"start":{"line":96,"column":26},"end":{"line":98,"column":null}},"type":"cond-expr","locations":[{"start":{"line":97,"column":30},"end":{"line":97,"column":null}},{"start":{"line":98,"column":30},"end":{"line":98,"column":null}}],"line":96},"6":{"loc":{"start":{"line":101,"column":25},"end":{"line":101,"column":null}},"type":"cond-expr","locations":[{"start":{"line":101,"column":41},"end":{"line":101,"column":52}},{"start":{"line":101,"column":52},"end":{"line":101,"column":null}}],"line":101}},"s":{"0":0,"1":0,"2":0,"3":0,"4":0,"5":0,"6":0,"7":0,"8":0,"9":0,"10":0,"11":0,"12":0,"13":0,"14":0,"15":0,"16":0,"17":0,"18":0},"f":{"0":0,"1":0,"2":0,"3":0},"b":{"0":[0,0],"1":[0,0],"2":[0,0],"3":[0,0],"4":[0,0],"5":[0,0],"6":[0,0]},"meta":{"lastBranch":7,"lastFunction":4,"lastStatement":19,"seen":{"f:11:9:11:21":0,"s:12:24:12:Infinity":0,"s:13:24:13:Infinity":1,"s:14:28:14:Infinity":2,"s:15:24:15:Infinity":3,"s:17:2:19:Infinity":4,"f:17:12:17:18":1,"s:18:4:18:Infinity":5,"s:21:20:36:Infinity":6,"f:21:20:21:32":2,"s:22:4:35:Infinity":7,"s:23:6:23:Infinity":8,"s:24:37:27:Infinity":9,"s:28:6:28:Infinity":10,"s:29:6:29:Infinity":11,"s:30:6:30:Infinity":12,"s:32:6:32:Infinity":13,"b:32:15:32:30:32:30:32:57":0,"s:34:6:34:Infinity":14,"b:38:2:38:Infinity:undefined:undefined:undefined:undefined":1,"s:38:2:38:Infinity":15,"s:38:15:38:Infinity":16,"s:40:2:120:Infinity":17,"b:42:7:42:Infinity:43:8:45:Infinity":2,"b:49:7:49:Infinity:50:8:63:Infinity":3,"b:84:16:108:Infinity:110:16:114:Infinity":4,"f:84:26:84:27":3,"s:85:18:107:Infinity":18,"b:97:30:97:Infinity:98:30:98:Infinity":5,"b:101:41:101:52:101:52:101:Infinity":6}}}
,"/home/runner/work/free-games-claimer/free-games-claimer/frontend/src/pages/DashboardPage.jsx": {"path":"/home/runner/work/free-games-claimer/free-games-claimer/frontend/src/pages/DashboardPage.jsx","statementMap":{"0":{"start":{"line":12,"column":24},"end":{"line":12,"column":null}},"1":{"start":{"line":13,"column":24},"end":{"line":13,"column":null}},"2":{"start":{"line":14,"column":28},"end":{"line":14,"column":null}},"3":{"start":{"line":15,"column":24},"end":{"line":15,"column":null}},"4":{"start":{"line":17,"column":2},"end":{"line":19,"column":null}},"5":{"start":{"line":18,"column":4},"end":{"line":18,"column":null}},"6":{"start":{"line":21,"column":24},"end":{"line":36,"column":null}},"7":{"start":{"line":22,"column":4},"end":{"line":35,"column":null}},"8":{"start":{"line":23,"column":6},"end":{"line":23,"column":null}},"9":{"start":{"line":24,"column":37},"end":{"line":27,"column":null}},"10":{"start":{"line":28,"column":6},"end":{"line":28,"column":null}},"11":{"start":{"line":29,"column":6},"end":{"line":29,"column":null}},"12":{"start":{"line":30,"column":6},"end":{"line":30,"column":null}},"13":{"start":{"line":32,"column":6},"end":{"line":32,"column":null}},"14":{"start":{"line":34,"column":6},"end":{"line":34,"column":null}},"15":{"start":{"line":38,"column":2},"end":{"line":38,"column":null}},"16":{"start":{"line":38,"column":15},"end":{"line":38,"column":null}},"17":{"start":{"line":40,"column":2},"end":{"line":105,"column":null}},"18":{"start":{"line":76,"column":14},"end":{"line":96,"column":null}}},"fnMap":{"0":{"name":"DashboardPage","decl":{"start":{"line":11,"column":9},"end":{"line":11,"column":25}},"loc":{"start":{"line":11,"column":25},"end":{"line":107,"column":null}},"line":11},"1":{"name":"(anonymous_1)","decl":{"start":{"line":17,"column":12},"end":{"line":17,"column":18}},"loc":{"start":{"line":17,"column":18},"end":{"line":19,"column":5}},"line":17},"2":{"name":"(anonymous_2)","decl":{"start":{"line":21,"column":24},"end":{"line":21,"column":36}},"loc":{"start":{"line":21,"column":36},"end":{"line":36,"column":null}},"line":21},"3":{"name":"(anonymous_3)","decl":{"start":{"line":75,"column":22},"end":{"line":75,"column":23}},"loc":{"start":{"line":76,"column":14},"end":{"line":96,"column":null}},"line":76}},"branchMap":{"0":{"loc":{"start":{"line":32,"column":15},"end":{"line":32,"column":56}},"type":"binary-expr","locations":[{"start":{"line":32,"column":15},"end":{"line":32,"column":30}},{"start":{"line":32,"column":30},"end":{"line":32,"column":56}}],"line":32},"1":{"loc":{"start":{"line":38,"column":2},"end":{"line":38,"column":null}},"type":"if","locations":[{"start":{"line":38,"column":2},"end":{"line":38,"column":null}},{"start":{},"end":{}}],"line":38},"2":{"loc":{"start":{"line":42,"column":7},"end":{"line":45,"column":null}},"type":"binary-expr","locations":[{"start":{"line":42,"column":7},"end":{"line":42,"column":null}},{"start":{"line":43,"column":8},"end":{"line":45,"column":null}}],"line":42},"3":{"loc":{"start":{"line":49,"column":7},"end":{"line":65,"column":null}},"type":"binary-expr","locations":[{"start":{"line":49,"column":7},"end":{"line":49,"column":null}},{"start":{"line":50,"column":8},"end":{"line":65,"column":null}}],"line":49},"4":{"loc":{"start":{"line":62,"column":37},"end":{"line":62,"column":61}},"type":"binary-expr","locations":[{"start":{"line":62,"column":37},"end":{"line":62,"column":57}},{"start":{"line":62,"column":57},"end":{"line":62,"column":61}}],"line":62},"5":{"loc":{"start":{"line":74,"column":11},"end":{"line":101,"column":null}},"type":"cond-expr","locations":[{"start":{"line":75,"column":12},"end":{"line":97,"column":null}},{"start":{"line":99,"column":12},"end":{"line":101,"column":null}}],"line":74},"6":{"loc":{"start":{"line":80,"column":21},"end":{"line":81,"column":null}},"type":"binary-expr","locations":[{"start":{"line":80,"column":21},"end":{"line":80,"column":null}},{"start":{"line":81,"column":22},"end":{"line":81,"column":null}}],"line":80},"7":{"loc":{"start":{"line":88,"column":19},"end":{"line":93,"column":null}},"type":"binary-expr","locations":[{"start":{"line":88,"column":19},"end":{"line":88,"column":null}},{"start":{"line":89,"column":20},"end":{"line":93,"column":null}}],"line":88}},"s":{"0":0,"1":0,"2":0,"3":0,"4":0,"5":0,"6":0,"7":0,"8":0,"9":0,"10":0,"11":0,"12":0,"13":0,"14":0,"15":0,"16":0,"17":0,"18":0},"f":{"0":0,"1":0,"2":0,"3":0},"b":{"0":[0,0],"1":[0,0],"2":[0,0],"3":[0,0],"4":[0,0],"5":[0,0],"6":[0,0],"7":[0,0]},"meta":{"lastBranch":8,"lastFunction":4,"lastStatement":19,"seen":{"f:11:9:11:25":0,"s:12:24:12:Infinity":0,"s:13:24:13:Infinity":1,"s:14:28:14:Infinity":2,"s:15:24:15:Infinity":3,"s:17:2:19:Infinity":4,"f:17:12:17:18":1,"s:18:4:18:Infinity":5,"s:21:24:36:Infinity":6,"f:21:24:21:36":2,"s:22:4:35:Infinity":7,"s:23:6:23:Infinity":8,"s:24:37:27:Infinity":9,"s:28:6:28:Infinity":10,"s:29:6:29:Infinity":11,"s:30:6:30:Infinity":12,"s:32:6:32:Infinity":13,"b:32:15:32:30:32:30:32:56":0,"s:34:6:34:Infinity":14,"b:38:2:38:Infinity:undefined:undefined:undefined:undefined":1,"s:38:2:38:Infinity":15,"s:38:15:38:Infinity":16,"s:40:2:105:Infinity":17,"b:42:7:42:Infinity:43:8:45:Infinity":2,"b:49:7:49:Infinity:50:8:65:Infinity":3,"b:62:37:62:57:62:57:62:61":4,"b:75:12:97:Infinity:99:12:101:Infinity":5,"f:75:22:75:23":3,"s:76:14:96:Infinity":18,"b:80:21:80:Infinity:81:22:81:Infinity":6,"b:88:19:88:Infinity:89:20:93:Infinity":7}}}
,"/home/runner/work/free-games-claimer/free-games-claimer/frontend/src/pages/HomePage.jsx": {"path":"/home/runner/work/free-games-claimer/free-games-claimer/frontend/src/pages/HomePage.jsx","statementMap":{"0":{"start":{"line":10,"column":2},"end":{"line":68,"column":null}}},"fnMap":{"0":{"name":"HomePage","decl":{"start":{"line":9,"column":9},"end":{"line":9,"column":20}},"loc":{"start":{"line":9,"column":20},"end":{"line":70,"column":null}},"line":9}},"branchMap":{},"s":{"0":0},"f":{"0":0},"b":{},"meta":{"lastBranch":0,"lastFunction":1,"lastStatement":1,"seen":{"f:9:9:9:20":0,"s:10:2:68:Infinity":0}}}
,"/home/runner/work/free-games-claimer/free-games-claimer/frontend/src/pages/NotFoundPage.jsx": {"path":"/home/runner/work/free-games-claimer/free-games-claimer/frontend/src/pages/NotFoundPage.jsx","statementMap":{"0":{"start":{"line":8,"column":2},"end":{"line":21,"column":null}}},"fnMap":{"0":{"name":"NotFoundPage","decl":{"start":{"line":7,"column":9},"end":{"line":7,"column":24}},"loc":{"start":{"line":7,"column":24},"end":{"line":23,"column":null}},"line":7}},"branchMap":{},"s":{"0":0},"f":{"0":0},"b":{},"meta":{"lastBranch":0,"lastFunction":1,"lastStatement":1,"seen":{"f:7:9:7:24":0,"s:8:2:21:Infinity":0}}}
,"/home/runner/work/free-games-claimer/free-games-claimer/frontend/src/services/adminService.js": {"path":"/home/runner/work/free-games-claimer/free-games-claimer/frontend/src/services/adminService.js","statementMap":{"0":{"start":{"line":9,"column":28},"end":{"line":71,"column":1}},"1":{"start":{"line":14,"column":21},"end":{"line":14,"column":50}},"2":{"start":{"line":15,"column":4},"end":{"line":15,"column":null}},"3":{"start":{"line":22,"column":21},"end":{"line":24,"column":6}},"4":{"start":{"line":25,"column":4},"end":{"line":25,"column":null}},"5":{"start":{"line":32,"column":21},"end":{"line":32,"column":60}},"6":{"start":{"line":33,"column":4},"end":{"line":33,"column":null}},"7":{"start":{"line":40,"column":21},"end":{"line":40,"column":72}},"8":{"start":{"line":41,"column":4},"end":{"line":41,"column":null}},"9":{"start":{"line":48,"column":21},"end":{"line":48,"column":70}},"10":{"start":{"line":49,"column":4},"end":{"line":49,"column":null}},"11":{"start":{"line":56,"column":21},"end":{"line":58,"column":6}},"12":{"start":{"line":59,"column":4},"end":{"line":59,"column":null}},"13":{"start":{"line":66,"column":21},"end":{"line":68,"column":6}},"14":{"start":{"line":69,"column":4},"end":{"line":69,"column":null}}},"fnMap":{"0":{"name":"(anonymous_0)","decl":{"start":{"line":13,"column":8},"end":{"line":13,"column":22}},"loc":{"start":{"line":13,"column":25},"end":{"line":16,"column":3}},"line":13},"1":{"name":"(anonymous_1)","decl":{"start":{"line":21,"column":8},"end":{"line":21,"column":16}},"loc":{"start":{"line":21,"column":42},"end":{"line":26,"column":3}},"line":21},"2":{"name":"(anonymous_2)","decl":{"start":{"line":31,"column":8},"end":{"line":31,"column":15}},"loc":{"start":{"line":31,"column":24},"end":{"line":34,"column":3}},"line":31},"3":{"name":"(anonymous_3)","decl":{"start":{"line":39,"column":8},"end":{"line":39,"column":22}},"loc":{"start":{"line":39,"column":31},"end":{"line":42,"column":3}},"line":39},"4":{"name":"(anonymous_4)","decl":{"start":{"line":47,"column":8},"end":{"line":47,"column":20}},"loc":{"start":{"line":47,"column":29},"end":{"line":50,"column":3}},"line":47},"5":{"name":"(anonymous_5)","decl":{"start":{"line":55,"column":8},"end":{"line":55,"column":23}},"loc":{"start":{"line":55,"column":49},"end":{"line":60,"column":3}},"line":55},"6":{"name":"(anonymous_6)","decl":{"start":{"line":65,"column":8},"end":{"line":65,"column":27}},"loc":{"start":{"line":65,"column":61},"end":{"line":70,"column":3}},"line":65}},"branchMap":{"0":{"loc":{"start":{"line":21,"column":17},"end":{"line":21,"column":25}},"type":"default-arg","locations":[{"start":{"line":21,"column":24},"end":{"line":21,"column":25}}],"line":21},"1":{"loc":{"start":{"line":21,"column":27},"end":{"line":21,"column":40}},"type":"default-arg","locations":[{"start":{"line":21,"column":38},"end":{"line":21,"column":40}}],"line":21},"2":{"loc":{"start":{"line":55,"column":24},"end":{"line":55,"column":32}},"type":"default-arg","locations":[{"start":{"line":55,"column":31},"end":{"line":55,"column":32}}],"line":55},"3":{"loc":{"start":{"line":55,"column":34},"end":{"line":55,"column":47}},"type":"default-arg","locations":[{"start":{"line":55,"column":45},"end":{"line":55,"column":47}}],"line":55},"4":{"loc":{"start":{"line":65,"column":36},"end":{"line":65,"column":44}},"type":"default-arg","locations":[{"start":{"line":65,"column":43},"end":{"line":65,"column":44}}],"line":65},"5":{"loc":{"start":{"line":65,"column":46},"end":{"line":65,"column":59}},"type":"default-arg","locations":[{"start":{"line":65,"column":57},"end":{"line":65,"column":59}}],"line":65}},"s":{"0":1,"1":0,"2":0,"3":0,"4":0,"5":0,"6":0,"7":0,"8":0,"9":0,"10":0,"11":0,"12":0,"13":0,"14":0},"f":{"0":0,"1":0,"2":0,"3":0,"4":0,"5":0,"6":0},"b":{"0":[0],"1":[0],"2":[0],"3":[0],"4":[0],"5":[0]},"meta":{"lastBranch":6,"lastFunction":7,"lastStatement":15,"seen":{"s:9:28:71:1":0,"f:13:8:13:22":0,"s:14:21:14:50":1,"s:15:4:15:Infinity":2,"f:21:8:21:16":1,"b:21:24:21:25":0,"b:21:38:21:40":1,"s:22:21:24:6":3,"s:25:4:25:Infinity":4,"f:31:8:31:15":2,"s:32:21:32:60":5,"s:33:4:33:Infinity":6,"f:39:8:39:22":3,"s:40:21:40:72":7,"s:41:4:41:Infinity":8,"f:47:8:47:20":4,"s:48:21:48:70":9,"s:49:4:49:Infinity":10,"f:55:8:55:23":5,"b:55:31:55:32":2,"b:55:45:55:47":3,"s:56:21:58:6":11,"s:59:4:59:Infinity":12,"f:65:8:65:27":6,"b:65:43:65:44":4,"b:65:57:65:59":5,"s:66:21:68:6":13,"s:69:4:69:Infinity":14}}}
,"/home/runner/work/free-games-claimer/free-games-claimer/frontend/src/services/api.js": {"path":"/home/runner/work/free-games-claimer/free-games-claimer/frontend/src/services/api.js","statementMap":{"0":{"start":{"line":9,"column":16},"end":{"line":9,"column":75}},"1":{"start":{"line":11,"column":12},"end":{"line":17,"column":2}},"2":{"start":{"line":20,"column":0},"end":{"line":31,"column":null}},"3":{"start":{"line":22,"column":18},"end":{"line":22,"column":53}},"4":{"start":{"line":23,"column":4},"end":{"line":25,"column":null}},"5":{"start":{"line":24,"column":6},"end":{"line":24,"column":null}},"6":{"start":{"line":26,"column":4},"end":{"line":26,"column":null}},"7":{"start":{"line":29,"column":4},"end":{"line":29,"column":null}},"8":{"start":{"line":34,"column":0},"end":{"line":44,"column":null}},"9":{"start":{"line":35,"column":16},"end":{"line":35,"column":24}},"10":{"start":{"line":37,"column":4},"end":{"line":41,"column":null}},"11":{"start":{"line":38,"column":6},"end":{"line":38,"column":null}},"12":{"start":{"line":39,"column":6},"end":{"line":39,"column":null}},"13":{"start":{"line":40,"column":6},"end":{"line":40,"column":null}},"14":{"start":{"line":42,"column":4},"end":{"line":42,"column":null}}},"fnMap":{"0":{"name":"(anonymous_0)","decl":{"start":{"line":21,"column":2},"end":{"line":21,"column":3}},"loc":{"start":{"line":21,"column":14},"end":{"line":27,"column":3}},"line":21},"1":{"name":"(anonymous_1)","decl":{"start":{"line":28,"column":2},"end":{"line":28,"column":3}},"loc":{"start":{"line":28,"column":13},"end":{"line":30,"column":null}},"line":28},"2":{"name":"(anonymous_2)","decl":{"start":{"line":35,"column":2},"end":{"line":35,"column":3}},"loc":{"start":{"line":35,"column":16},"end":{"line":35,"column":24}},"line":35},"3":{"name":"(anonymous_3)","decl":{"start":{"line":36,"column":2},"end":{"line":36,"column":3}},"loc":{"start":{"line":36,"column":13},"end":{"line":43,"column":null}},"line":36}},"branchMap":{"0":{"loc":{"start":{"line":9,"column":16},"end":{"line":9,"column":75}},"type":"binary-expr","locations":[{"start":{"line":9,"column":16},"end":{"line":9,"column":44}},{"start":{"line":9,"column":48},"end":{"line":9,"column":75}}],"line":9},"1":{"loc":{"start":{"line":23,"column":4},"end":{"line":25,"column":null}},"type":"if","locations":[{"start":{"line":23,"column":4},"end":{"line":25,"column":null}},{"start":{},"end":{}}],"line":23},"2":{"loc":{"start":{"line":37,"column":4},"end":{"line":41,"column":null}},"type":"if","locations":[{"start":{"line":37,"column":4},"end":{"line":41,"column":null}},{"start":{},"end":{}}],"line":37}},"s":{"0":1,"1":1,"2":1,"3":0,"4":0,"5":0,"6":0,"7":0,"8":1,"9":0,"10":0,"11":0,"12":0,"13":0,"14":0},"f":{"0":0,"1":0,"2":0,"3":0},"b":{"0":[1,1],"1":[0,0],"2":[0,0]},"meta":{"lastBranch":3,"lastFunction":4,"lastStatement":15,"seen":{"s:9:16:9:75":0,"b:9:16:9:44:9:48:9:75":0,"s:11:12:17:2":1,"s:20:0:31:Infinity":2,"f:21:2:21:3":0,"s:22:18:22:53":3,"b:23:4:25:Infinity:undefined:undefined:undefined:undefined":1,"s:23:4:25:Infinity":4,"s:24:6:24:Infinity":5,"s:26:4:26:Infinity":6,"f:28:2:28:3":1,"s:29:4:29:Infinity":7,"s:34:0:44:Infinity":8,"f:35:2:35:3":2,"s:35:16:35:24":9,"f:36:2:36:3":3,"b:37:4:41:Infinity:undefined:undefined:undefined:undefined":2,"s:37:4:41:Infinity":10,"s:38:6:38:Infinity":11,"s:39:6:39:Infinity":12,"s:40:6:40:Infinity":13,"s:42:4:42:Infinity":14}}}
,"/home/runner/work/free-games-claimer/free-games-claimer/frontend/src/services/gamesService.js": {"path":"/home/runner/work/free-games-claimer/free-games-claimer/frontend/src/services/gamesService.js","statementMap":{"0":{"start":{"line":9,"column":28},"end":{"line":51,"column":1}},"1":{"start":{"line":14,"column":21},"end":{"line":16,"column":6}},"2":{"start":{"line":17,"column":4},"end":{"line":17,"column":null}},"3":{"start":{"line":24,"column":21},"end":{"line":24,"column":50}},"4":{"start":{"line":25,"column":4},"end":{"line":25,"column":null}},"5":{"start":{"line":32,"column":21},"end":{"line":32,"column":55}},"6":{"start":{"line":33,"column":4},"end":{"line":33,"column":null}},"7":{"start":{"line":40,"column":21},"end":{"line":40,"column":53}},"8":{"start":{"line":41,"column":4},"end":{"line":41,"column":null}},"9":{"start":{"line":48,"column":21},"end":{"line":48,"column":58}},"10":{"start":{"line":49,"column":4},"end":{"line":49,"column":null}}},"fnMap":{"0":{"name":"(anonymous_0)","decl":{"start":{"line":13,"column":8},"end":{"line":13,"column":16}},"loc":{"start":{"line":13,"column":42},"end":{"line":18,"column":3}},"line":13},"1":{"name":"(anonymous_1)","decl":{"start":{"line":23,"column":8},"end":{"line":23,"column":15}},"loc":{"start":{"line":23,"column":20},"end":{"line":26,"column":3}},"line":23},"2":{"name":"(anonymous_2)","decl":{"start":{"line":31,"column":8},"end":{"line":31,"column":15}},"loc":{"start":{"line":31,"column":26},"end":{"line":34,"column":3}},"line":31},"3":{"name":"(anonymous_3)","decl":{"start":{"line":39,"column":8},"end":{"line":39,"column":18}},"loc":{"start":{"line":39,"column":23},"end":{"line":42,"column":3}},"line":39},"4":{"name":"(anonymous_4)","decl":{"start":{"line":47,"column":8},"end":{"line":47,"column":16}},"loc":{"start":{"line":47,"column":19},"end":{"line":50,"column":3}},"line":47}},"branchMap":{"0":{"loc":{"start":{"line":13,"column":17},"end":{"line":13,"column":25}},"type":"default-arg","locations":[{"start":{"line":13,"column":24},"end":{"line":13,"column":25}}],"line":13},"1":{"loc":{"start":{"line":13,"column":27},"end":{"line":13,"column":40}},"type":"default-arg","locations":[{"start":{"line":13,"column":38},"end":{"line":13,"column":40}}],"line":13}},"s":{"0":1,"1":0,"2":0,"3":0,"4":0,"5":0,"6":0,"7":0,"8":0,"9":0,"10":0},"f":{"0":0,"1":0,"2":0,"3":0,"4":0},"b":{"0":[0],"1":[0]},"meta":{"lastBranch":2,"lastFunction":5,"lastStatement":11,"seen":{"s:9:28:51:1":0,"f:13:8:13:16":0,"b:13:24:13:25":0,"b:13:38:13:40":1,"s:14:21:16:6":1,"s:17:4:17:Infinity":2,"f:23:8:23:15":1,"s:24:21:24:50":3,"s:25:4:25:Infinity":4,"f:31:8:31:15":2,"s:32:21:32:55":5,"s:33:4:33:Infinity":6,"f:39:8:39:18":3,"s:40:21:40:53":7,"s:41:4:41:Infinity":8,"f:47:8:47:16":4,"s:48:21:48:58":9,"s:49:4:49:Infinity":10}}}
}
