TN:
SF:src/App.jsx
FN:14,App
FNF:1
FNH:1
FNDA:1,App
DA:15,1
LF:1
LH:1
BRF:0
BRH:0
end_of_record
TN:
SF:src/components/Common/LoadingSpinner.jsx
FN:7,LoadingSpinner
FNF:1
FNH:0
FNDA:0,LoadingSpinner
DA:8,0
DA:14,0
LF:2
LH:0
BRDA:7,0,0,0
BRDA:7,1,0,0
BRDA:31,2,0,0
BRDA:31,2,1,0
BRF:4
BRH:0
end_of_record
TN:
SF:src/components/Layout/Footer.jsx
FN:7,Footer
FNF:1
FNH:0
FNDA:0,Footer
DA:8,0
DA:10,0
LF:2
LH:0
BRF:0
BRH:0
end_of_record
TN:
SF:src/components/Layout/Header.jsx
FN:10,Header
FN:40,(anonymous_1)
FNF:2
FNH:0
FNDA:0,Header
FNDA:0,(anonymous_1)
DA:11,0
DA:13,0
DA:40,0
LF:3
LH:0
BRDA:50,0,0,0
BRDA:50,0,1,0
BRF:2
BRH:0
end_of_record
TN:
SF:src/components/Layout/Layout.jsx
FN:10,Layout
FNF:1
FNH:0
FNDA:0,Layout
DA:11,0
LF:1
LH:0
BRF:0
BRH:0
end_of_record
TN:
SF:src/pages/AdminPage.jsx
FN:11,AdminPage
FN:17,(anonymous_1)
FN:21,(anonymous_2)
FN:84,(anonymous_3)
FNF:4
FNH:0
FNDA:0,AdminPage
FNDA:0,(anonymous_1)
FNDA:0,(anonymous_2)
FNDA:0,(anonymous_3)
DA:12,0
DA:13,0
DA:14,0
DA:15,0
DA:17,0
DA:18,0
DA:21,0
DA:22,0
DA:23,0
DA:24,0
DA:28,0
DA:29,0
DA:30,0
DA:32,0
DA:34,0
DA:38,0
DA:40,0
DA:85,0
LF:18
LH:0
BRDA:32,0,0,0
BRDA:32,0,1,0
BRDA:38,1,0,0
BRDA:38,1,1,0
BRDA:42,2,0,0
BRDA:42,2,1,0
BRDA:49,3,0,0
BRDA:49,3,1,0
BRDA:83,4,0,0
BRDA:83,4,1,0
BRDA:96,5,0,0
BRDA:96,5,1,0
BRDA:101,6,0,0
BRDA:101,6,1,0
BRF:14
BRH:0
end_of_record
TN:
SF:src/pages/DashboardPage.jsx
FN:11,DashboardPage
FN:17,(anonymous_1)
FN:21,(anonymous_2)
FN:75,(anonymous_3)
FNF:4
FNH:0
FNDA:0,DashboardPage
FNDA:0,(anonymous_1)
FNDA:0,(anonymous_2)
FNDA:0,(anonymous_3)
DA:12,0
DA:13,0
DA:14,0
DA:15,0
DA:17,0
DA:18,0
DA:21,0
DA:22,0
DA:23,0
DA:24,0
DA:28,0
DA:29,0
DA:30,0
DA:32,0
DA:34,0
DA:38,0
DA:40,0
DA:76,0
LF:18
LH:0
BRDA:32,0,0,0
BRDA:32,0,1,0
BRDA:38,1,0,0
BRDA:38,1,1,0
BRDA:42,2,0,0
BRDA:42,2,1,0
BRDA:49,3,0,0
BRDA:49,3,1,0
BRDA:62,4,0,0
BRDA:62,4,1,0
BRDA:74,5,0,0
BRDA:74,5,1,0
BRDA:80,6,0,0
BRDA:80,6,1,0
BRDA:88,7,0,0
BRDA:88,7,1,0
BRF:16
BRH:0
end_of_record
TN:
SF:src/pages/HomePage.jsx
FN:9,HomePage
FNF:1
FNH:0
FNDA:0,HomePage
DA:10,0
LF:1
LH:0
BRF:0
BRH:0
end_of_record
TN:
SF:src/pages/NotFoundPage.jsx
FN:7,NotFoundPage
FNF:1
FNH:0
FNDA:0,NotFoundPage
DA:8,0
LF:1
LH:0
BRF:0
BRH:0
end_of_record
TN:
SF:src/services/adminService.js
FN:13,(anonymous_0)
FN:21,(anonymous_1)
FN:31,(anonymous_2)
FN:39,(anonymous_3)
FN:47,(anonymous_4)
FN:55,(anonymous_5)
FN:65,(anonymous_6)
FNF:7
FNH:0
FNDA:0,(anonymous_0)
FNDA:0,(anonymous_1)
FNDA:0,(anonymous_2)
FNDA:0,(anonymous_3)
FNDA:0,(anonymous_4)
FNDA:0,(anonymous_5)
FNDA:0,(anonymous_6)
DA:9,1
DA:14,0
DA:15,0
DA:22,0
DA:25,0
DA:32,0
DA:33,0
DA:40,0
DA:41,0
DA:48,0
DA:49,0
DA:56,0
DA:59,0
DA:66,0
DA:69,0
LF:15
LH:1
BRDA:21,0,0,0
BRDA:21,1,0,0
BRDA:55,2,0,0
BRDA:55,3,0,0
BRDA:65,4,0,0
BRDA:65,5,0,0
BRF:6
BRH:0
end_of_record
TN:
SF:src/services/api.js
FN:21,(anonymous_0)
FN:28,(anonymous_1)
FN:35,(anonymous_2)
FN:36,(anonymous_3)
FNF:4
FNH:0
FNDA:0,(anonymous_0)
FNDA:0,(anonymous_1)
FNDA:0,(anonymous_2)
FNDA:0,(anonymous_3)
DA:9,1
DA:11,1
DA:20,1
DA:22,0
DA:23,0
DA:24,0
DA:26,0
DA:29,0
DA:34,1
DA:35,0
DA:37,0
DA:38,0
DA:39,0
DA:40,0
DA:42,0
LF:15
LH:4
BRDA:9,0,0,1
BRDA:9,0,1,1
BRDA:23,1,0,0
BRDA:23,1,1,0
BRDA:37,2,0,0
BRDA:37,2,1,0
BRF:6
BRH:2
end_of_record
TN:
SF:src/services/gamesService.js
FN:13,(anonymous_0)
FN:23,(anonymous_1)
FN:31,(anonymous_2)
FN:39,(anonymous_3)
FN:47,(anonymous_4)
FNF:5
FNH:0
FNDA:0,(anonymous_0)
FNDA:0,(anonymous_1)
FNDA:0,(anonymous_2)
FNDA:0,(anonymous_3)
FNDA:0,(anonymous_4)
DA:9,1
DA:14,0
DA:17,0
DA:24,0
DA:25,0
DA:32,0
DA:33,0
DA:40,0
DA:41,0
DA:48,0
DA:49,0
LF:11
LH:1
BRDA:13,0,0,0
BRDA:13,1,0,0
BRF:2
BRH:0
end_of_record
