{"total": {"lines":{"total":37,"covered":25,"skipped":0,"pct":67.56},"statements":{"total":38,"covered":26,"skipped":0,"pct":68.42},"functions":{"total":13,"covered":10,"skipped":0,"pct":76.92},"branches":{"total":10,"covered":9,"skipped":0,"pct":90},"branchesTrue":{"total":0,"covered":0,"skipped":0,"pct":"Unknown"}}
,"/home/runner/work/free-games-claimer/free-games-claimer/backend/src/utils/crypto.js": {"lines":{"total":21,"covered":9,"skipped":0,"pct":42.85},"functions":{"total":8,"covered":5,"skipped":0,"pct":62.5},"statements":{"total":22,"covered":10,"skipped":0,"pct":45.45},"branches":{"total":3,"covered":2,"skipped":0,"pct":66.66}}
,"/home/runner/work/free-games-claimer/free-games-claimer/backend/src/utils/validators.js": {"lines":{"total":16,"covered":16,"skipped":0,"pct":100},"functions":{"total":5,"covered":5,"skipped":0,"pct":100},"statements":{"total":16,"covered":16,"skipped":0,"pct":100},"branches":{"total":7,"covered":7,"skipped":0,"pct":100}}
}
