TN:
SF:src/utils/crypto.js
FN:19,hashPassword
FN:30,comparePassword
FN:40,generateRandomToken
FN:50,generateRandomCode
FN:66,encrypt
FN:81,decrypt
FN:96,sha256
FN:107,hmacSha256
FNF:8
FNH:5
FNDA:3,hashPassword
FNDA:2,comparePassword
FNDA:2,generateRandomToken
FNDA:1,generateRandomCode
FNDA:0,encrypt
FNDA:0,decrypt
FNDA:3,sha256
FNDA:0,hmacSha256
DA:20,3
DA:31,2
DA:41,2
DA:51,1
DA:52,1
DA:53,1
DA:54,6
DA:56,1
DA:67,0
DA:68,0
DA:69,0
DA:70,0
DA:71,0
DA:82,0
DA:83,0
DA:84,0
DA:85,0
DA:86,0
DA:87,0
DA:97,3
DA:108,0
LF:21
LH:9
BRDA:19,0,0,3
BRDA:40,1,0,2
BRDA:50,2,0,0
BRF:3
BRH:2
end_of_record
TN:
SF:src/utils/validators.js
FN:15,isValidEmail
FN:33,validatePassword
FN:60,isValidUUID
FN:72,isValidURL
FN:89,isInRange
FNF:5
FNH:5
FNDA:5,isValidEmail
FNDA:4,validatePassword
FNDA:3,isValidUUID
FNDA:4,isValidURL
FNDA:5,isInRange
DA:16,5
DA:17,5
DA:34,4
DA:35,4
DA:36,4
DA:37,4
DA:38,4
DA:40,4
DA:42,4
DA:62,3
DA:63,3
DA:73,4
DA:74,4
DA:75,2
DA:77,2
DA:90,5
LF:16
LH:16
BRDA:40,0,0,4
BRDA:40,0,1,3
BRDA:40,0,2,2
BRDA:40,0,3,1
BRDA:40,0,4,1
BRDA:90,1,0,5
BRDA:90,1,1,4
BRF:7
BRH:7
end_of_record
